{
  "stats": {
    "suites": 20,
    "tests": 51,
    "passes": 51,
    "pending": 0,
    "failures": 0,
    "start": "2022-02-16T13:24:45.830Z",
    "end": "2022-02-16T13:27:49.539Z",
    "duration": 102270,
    "testsRegistered": 51,
    "passPercent": 100,
    "pendingPercent": 0,
    "other": 0,
    "hasOther": false,
    "skipped": 0,
    "hasSkipped": false
  },
  "results": [
    {
      "uuid": "197e6aed-505a-4d1c-9dd4-e5e899b74dd5",
      "title": "",
      "fullFile": "cypress/integration/automation-test-store/add-multiple-items-to-basket.js",
      "file": "cypress/integration/automation-test-store/add-multiple-items-to-basket.js",
      "beforeHooks": [],
      "afterHooks": [],
      "tests": [],
      "suites": [
        {
          "uuid": "03cec5ed-3a5d-476d-913d-faf0e456f776",
          "title": "Add multiple items to the basket",
          "fullFile": "",
          "file": "",
          "beforeHooks": [],
          "afterHooks": [],
          "tests": [
            {
              "title": "Add specific items to basket",
              "fullTitle": "Add multiple items to the basket Add specific items to basket",
              "timedOut": null,
              "duration": 5421,
              "state": "passed",
              "speed": "medium",
              "pass": true,
              "fail": false,
              "pending": false,
              "context": null,
              "code": "autoStore_HairCare_PO.addHairCareToBasket();",
              "err": {},
              "uuid": "79f6633a-7371-49ed-a5f3-25a4329864af",
              "parentUUID": "03cec5ed-3a5d-476d-913d-faf0e456f776",
              "isHook": false,
              "skipped": false
            }
          ],
          "suites": [],
          "passes": [
            "79f6633a-7371-49ed-a5f3-25a4329864af"
          ],
          "failures": [],
          "pending": [],
          "skipped": [],
          "duration": 5421,
          "root": false,
          "rootEmpty": false,
          "_timeout": 2000
        }
      ],
      "passes": [],
      "failures": [],
      "pending": [],
      "skipped": [],
      "duration": 0,
      "root": true,
      "rootEmpty": true,
      "_timeout": 2000
    },
    {
      "uuid": "2e15c6c8-8a41-4608-980c-ee5db050a27c",
      "title": "",
      "fullFile": "cypress/integration/automation-test-store/alias-invoke.js",
      "file": "cypress/integration/automation-test-store/alias-invoke.js",
      "beforeHooks": [],
      "afterHooks": [],
      "tests": [],
      "suites": [
        {
          "uuid": "3f35a342-fc53-461b-808c-c8fe1e2e22d7",
          "title": "Alias and invoke",
          "fullFile": "",
          "file": "",
          "beforeHooks": [],
          "afterHooks": [],
          "tests": [
            {
              "title": "Validate a specific hair care product",
              "fullTitle": "Alias and invoke Validate a specific hair care product",
              "timedOut": null,
              "duration": 4394,
              "state": "passed",
              "speed": "fast",
              "pass": true,
              "fail": false,
              "pending": false,
              "context": null,
              "code": "cy.visit('https://automationteststore.com/');\ncy.get(\"a[href*='product/category&path=']\").contains('Hair Care').click();\ncy.get('.fixed_wrapper .prdocutname').eq(0).invoke('text').as('productThumbnail');\ncy.get('@productThumbnail').its('length').should('be.gt', 5);\ncy.get('@productThumbnail').should('include', 'Seaweed Conditioner');",
              "err": {},
              "uuid": "5b70cd2c-b1dd-47bc-b840-1bb7fcbd990b",
              "parentUUID": "3f35a342-fc53-461b-808c-c8fe1e2e22d7",
              "isHook": false,
              "skipped": false
            },
            {
              "title": "Validate a number of products with the same class name",
              "fullTitle": "Alias and invoke Validate a number of products with the same class name",
              "timedOut": null,
              "duration": 1427,
              "state": "passed",
              "speed": "fast",
              "pass": true,
              "fail": false,
              "pending": false,
              "context": null,
              "code": "cy.visit('https://automationteststore.com/');\ncy.get('.thumbnail').as('productsHomePage'); // cy.get('.fixed_wrapper .prdocutname').contains('.thumbnail').its('quantity').should('be', 16)\ncy.get('@productsHomePage').should('have.length', 16);\ncy.get('@productsHomePage').find('.productcart').invoke('attr', 'title').should('include', 'Add to Cart');",
              "err": {},
              "uuid": "529821ab-e045-4b7c-90d6-744201e50148",
              "parentUUID": "3f35a342-fc53-461b-808c-c8fe1e2e22d7",
              "isHook": false,
              "skipped": false
            },
            {
              "title": "Calculate of normal and sale products",
              "fullTitle": "Alias and invoke Calculate of normal and sale products",
              "timedOut": null,
              "duration": 1818,
              "state": "passed",
              "speed": "fast",
              "pass": true,
              "fail": false,
              "pending": false,
              "context": null,
              "code": "cy.visit('https://automationteststore.com/');\ncy.get('.thumbnail').as('productsHomePage'); // cy.get('@productsHomePage'). find('.oneprice').each(($el, index, $list) => {\n// cy.log($el.text());\n// })\ncy.get('.thumbnail').find('.oneprice').invoke('text').as('itemPrice');\ncy.get('.thumbnail').find('.pricenew').invoke('text').as('saleItemPrice');\nvar itemsTotal = 0;\ncy.get('@itemPrice').then($linkText => {\n  var itemsPriceTotal = 0;\n  var itemPrice = $linkText.split('$');\n  var i;\n  for (i = 0; i < itemPrice.length; i++) {\n    cy.log(itemPrice[i]);\n    itemsPriceTotal = Number(itemPrice[i]);\n  }\n  itemsTotal += itemsPriceTotal;\n  cy.log('Non sale price items total: ' + itemsPriceTotal);\n});\ncy.get('@saleItemPrice').then($linkText => {\n  var saleItemsPrice = 0;\n  var saleItemPrice = $linkText.split('$');\n  var i;\n  for (i = 0; i < saleItemPrice.length; i++) {\n    cy.log(saleItemPrice[i]);\n    saleItemsPrice += Number(saleItemPrice[i]);\n  }\n  itemsTotal += saleItemsPrice;\n  cy.log('Sale price items total: ' + saleItemsPrice);\n}).then(() => {\n  cy.log('The total price of all products: ' + itemsTotal);\n  expect(itemsTotal).to.eq(408);\n});",
              "err": {},
              "uuid": "4352bbd4-0ea6-4b9f-b2c2-e084da4db91a",
              "parentUUID": "3f35a342-fc53-461b-808c-c8fe1e2e22d7",
              "isHook": false,
              "skipped": false
            }
          ],
          "suites": [],
          "passes": [
            "5b70cd2c-b1dd-47bc-b840-1bb7fcbd990b",
            "529821ab-e045-4b7c-90d6-744201e50148",
            "4352bbd4-0ea6-4b9f-b2c2-e084da4db91a"
          ],
          "failures": [],
          "pending": [],
          "skipped": [],
          "duration": 7639,
          "root": false,
          "rootEmpty": false,
          "_timeout": 2000
        }
      ],
      "passes": [],
      "failures": [],
      "pending": [],
      "skipped": [],
      "duration": 0,
      "root": true,
      "rootEmpty": true,
      "_timeout": 2000
    },
    {
      "uuid": "127b511c-8c81-4a9d-814e-006dc3c79180",
      "title": "",
      "fullFile": "cypress/integration/automation-test-store/contact-us.js",
      "file": "cypress/integration/automation-test-store/contact-us.js",
      "beforeHooks": [],
      "afterHooks": [],
      "tests": [],
      "suites": [
        {
          "uuid": "981df176-7347-4d34-b794-8cb903122672",
          "title": "Test Contact Us form via Automation test store",
          "fullFile": "",
          "file": "",
          "beforeHooks": [],
          "afterHooks": [],
          "tests": [
            {
              "title": "Should be able to submit a successful submission via contact us form",
              "fullTitle": "Test Contact Us form via Automation test store Should be able to submit a successful submission via contact us form",
              "timedOut": null,
              "duration": 8838,
              "state": "passed",
              "speed": "medium",
              "pass": true,
              "fail": false,
              "pending": false,
              "context": null,
              "code": "cy.visit('https://www.automationteststore.com/');\ncy.get(\"a[href$='contact']\").click().then(function (linkedText) {\n  cy.log('Clicked on link using text: ' + linkedText.text());\n}); // cy.get('.info_links_footer > :nth-child(5) > a').click()\n// cy.xpath(\"//a[contains(@href, 'contact')]\").click();\ncy.get('@user').then(user => {\n  cy.get('#ContactUsFrm_first_name').type(user.first_name);\n  cy.get('#ContactUsFrm_email').type(user.email);\n});\ncy.get('#ContactUsFrm_email').should('have.attr', 'name', 'email');\ncy.get('#ContactUsFrm_enquiry').type('Do you provide additional discount on bulk orders');\ncy.get(\"button[title='Submit']\").click(); // cy.get('.col-md-6 > .btn').click();\ncy.get('.mb40 > :nth-child(3)').should('have.text', 'Your enquiry has been successfully sent to the store owner!');",
              "err": {},
              "uuid": "fe6180d0-38c7-4842-b54b-448b5a8497ec",
              "parentUUID": "981df176-7347-4d34-b794-8cb903122672",
              "isHook": false,
              "skipped": false
            }
          ],
          "suites": [],
          "passes": [
            "fe6180d0-38c7-4842-b54b-448b5a8497ec"
          ],
          "failures": [],
          "pending": [],
          "skipped": [],
          "duration": 8838,
          "root": false,
          "rootEmpty": false,
          "_timeout": 2000
        }
      ],
      "passes": [],
      "failures": [],
      "pending": [],
      "skipped": [],
      "duration": 0,
      "root": true,
      "rootEmpty": true,
      "_timeout": 2000
    },
    {
      "uuid": "634ea12f-5505-470c-b547-fe22e6f11f20",
      "title": "",
      "fullFile": "cypress/integration/automation-test-store/inspect-item.js",
      "file": "cypress/integration/automation-test-store/inspect-item.js",
      "beforeHooks": [],
      "afterHooks": [],
      "tests": [],
      "suites": [
        {
          "uuid": "3f17f86b-d7b6-4d0f-aac7-8fd2b13bee47",
          "title": "Inspect Automation test store items using chain of commands",
          "fullFile": "",
          "file": "",
          "beforeHooks": [],
          "afterHooks": [],
          "tests": [
            {
              "title": "Click on the first item using item header",
              "fullTitle": "Inspect Automation test store items using chain of commands Click on the first item using item header",
              "timedOut": null,
              "duration": 6769,
              "state": "passed",
              "speed": "medium",
              "pass": true,
              "fail": false,
              "pending": false,
              "context": null,
              "code": "cy.visit('https://www.automationteststore.com/');\ncy.get('#block_frame_featured_1769 > .thumbnails > :nth-child(1) > .fixed_wrapper > .fixed > .prdocutname').click();",
              "err": {},
              "uuid": "48db79c7-72dd-43ca-9983-c86b35b2460f",
              "parentUUID": "3f17f86b-d7b6-4d0f-aac7-8fd2b13bee47",
              "isHook": false,
              "skipped": false
            },
            {
              "title": "Click on the first item using item text",
              "fullTitle": "Inspect Automation test store items using chain of commands Click on the first item using item text",
              "timedOut": null,
              "duration": 5465,
              "state": "passed",
              "speed": "medium",
              "pass": true,
              "fail": false,
              "pending": false,
              "context": null,
              "code": "cy.visit('https://www.automationteststore.com/');\ncy.get('.prdocutname').contains('Skinsheen Bronzer Stick').click().then(function (itemHeaderText) {\n  console.log('Selected the following item: ' + itemHeaderText.text());\n});",
              "err": {},
              "uuid": "2dea55f5-1b7a-41e9-a4f5-82311f587984",
              "parentUUID": "3f17f86b-d7b6-4d0f-aac7-8fd2b13bee47",
              "isHook": false,
              "skipped": false
            },
            {
              "title": "Click on the first item using index",
              "fullTitle": "Inspect Automation test store items using chain of commands Click on the first item using index",
              "timedOut": null,
              "duration": 4965,
              "state": "passed",
              "speed": "fast",
              "pass": true,
              "fail": false,
              "pending": false,
              "context": null,
              "code": "cy.visit('https://www.automationteststore.com/');\ncy.get('.fixed_wrapper').find('.prdocutname').eq(0).click();",
              "err": {},
              "uuid": "569ec87c-efc1-4524-8226-41caf4c05225",
              "parentUUID": "3f17f86b-d7b6-4d0f-aac7-8fd2b13bee47",
              "isHook": false,
              "skipped": false
            }
          ],
          "suites": [],
          "passes": [
            "48db79c7-72dd-43ca-9983-c86b35b2460f",
            "2dea55f5-1b7a-41e9-a4f5-82311f587984",
            "569ec87c-efc1-4524-8226-41caf4c05225"
          ],
          "failures": [],
          "pending": [],
          "skipped": [],
          "duration": 17199,
          "root": false,
          "rootEmpty": false,
          "_timeout": 2000
        }
      ],
      "passes": [],
      "failures": [],
      "pending": [],
      "skipped": [],
      "duration": 0,
      "root": true,
      "rootEmpty": true,
      "_timeout": 2000
    },
    {
      "uuid": "6bbe5f0d-0a1b-4d70-9a92-a56cd8b2b6fe",
      "title": "",
      "fullFile": "cypress/integration/automation-test-store/iterate-over-elements.js",
      "file": "cypress/integration/automation-test-store/iterate-over-elements.js",
      "beforeHooks": [],
      "afterHooks": [],
      "tests": [],
      "suites": [
        {
          "uuid": "2d57d097-bd27-4acb-aa5f-34f758df00b9",
          "title": "Iterate over elements ",
          "fullFile": "",
          "file": "",
          "beforeHooks": [],
          "afterHooks": [],
          "tests": [
            {
              "title": "Log information of all hair care products",
              "fullTitle": "Iterate over elements  Log information of all hair care products",
              "timedOut": null,
              "duration": 5269,
              "state": "passed",
              "speed": "medium",
              "pass": true,
              "fail": false,
              "pending": false,
              "context": null,
              "code": "cy.get('.fixed_wrapper .prdocutname').each(($el, index, $list) => {\n  cy.log('Index: ' + index + ' : ' + $el.text());\n});",
              "err": {},
              "uuid": "d803b6d0-ca32-4b76-8d45-2a9a5d4da82f",
              "parentUUID": "2d57d097-bd27-4acb-aa5f-34f758df00b9",
              "isHook": false,
              "skipped": false
            },
            {
              "title": "Add a specific product to basket",
              "fullTitle": "Iterate over elements  Add a specific product to basket",
              "timedOut": null,
              "duration": 2220,
              "state": "passed",
              "speed": "fast",
              "pass": true,
              "fail": false,
              "pending": false,
              "context": null,
              "code": "// cy.get('.fixed_wrapper .prdocutname').each(($el, index, $list) => {\n//     if($el.text().includes('Eau Parfumee au The Vert Shampoo')){\n//         cy.wrap($el).click()\n//     }\n// })\ncy.selectProduct('Seaweed Conditioner');",
              "err": {},
              "uuid": "21734c41-597e-42b1-a716-aa89e428fdca",
              "parentUUID": "2d57d097-bd27-4acb-aa5f-34f758df00b9",
              "isHook": false,
              "skipped": false
            },
            {
              "title": "Add a specific product to basket",
              "fullTitle": "Iterate over elements  Add a specific product to basket",
              "timedOut": null,
              "duration": 1668,
              "state": "passed",
              "speed": "fast",
              "pass": true,
              "fail": false,
              "pending": false,
              "context": null,
              "code": "cy.selectProduct('Curls to straight Shampoo');",
              "err": {},
              "uuid": "abad270d-8e31-4c91-9fc9-35e05d91f613",
              "parentUUID": "2d57d097-bd27-4acb-aa5f-34f758df00b9",
              "isHook": false,
              "skipped": false
            }
          ],
          "suites": [],
          "passes": [
            "d803b6d0-ca32-4b76-8d45-2a9a5d4da82f",
            "21734c41-597e-42b1-a716-aa89e428fdca",
            "abad270d-8e31-4c91-9fc9-35e05d91f613"
          ],
          "failures": [],
          "pending": [],
          "skipped": [],
          "duration": 9157,
          "root": false,
          "rootEmpty": false,
          "_timeout": 2000
        }
      ],
      "passes": [],
      "failures": [],
      "pending": [],
      "skipped": [],
      "duration": 0,
      "root": true,
      "rootEmpty": true,
      "_timeout": 2000
    },
    {
      "uuid": "223ebe7d-6556-4fad-8777-881bd7f5ad11",
      "title": "",
      "fullFile": "cypress/integration/automation-test-store/variables-cy.commands.js",
      "file": "cypress/integration/automation-test-store/variables-cy.commands.js",
      "beforeHooks": [],
      "afterHooks": [],
      "tests": [],
      "suites": [
        {
          "uuid": "b302981e-2e54-4462-a1b9-e5131f78309f",
          "title": "Verifying variables, cypress commands and jquery commands",
          "fullFile": "",
          "file": "",
          "beforeHooks": [],
          "afterHooks": [],
          "tests": [
            {
              "title": "Navigating to specific product pages",
              "fullTitle": "Verifying variables, cypress commands and jquery commands Navigating to specific product pages",
              "timedOut": null,
              "duration": 5462,
              "state": "passed",
              "speed": "medium",
              "pass": true,
              "fail": false,
              "pending": false,
              "context": null,
              "code": "cy.visit('https://automationteststore.com/'); // This one is recommended  \ncy.get(\"a[href*='product/category&path=']\").contains('Makeup').click();\ncy.get(\"a[href*='product/category&path=']\").contains('Skincare').click();",
              "err": {},
              "uuid": "74a857e6-88cd-4e0b-b1f0-c58a1dca1dc1",
              "parentUUID": "b302981e-2e54-4462-a1b9-e5131f78309f",
              "isHook": false,
              "skipped": false
            },
            {
              "title": "Navigating to specific product pages",
              "fullTitle": "Verifying variables, cypress commands and jquery commands Navigating to specific product pages",
              "timedOut": null,
              "duration": 1426,
              "state": "passed",
              "speed": "fast",
              "pass": true,
              "fail": false,
              "pending": false,
              "context": null,
              "code": "cy.visit('https://automationteststore.com/');\ncy.get(\"a[href*='product/category&path=']\").contains('Makeup').click(); // this approach doesn't work \n// const header = cy.get('h1 .maintext')\n// cy.log(header.text()); \ncy.get('h1 .maintext').then($headerText => {\n  const headerText = $headerText.text();\n  cy.log(\"Found header text: \" + headerText);\n  expect(headerText).is.eq('Makeup');\n});",
              "err": {},
              "uuid": "1fbf2eeb-7f95-4a05-9561-0e67ff4749a0",
              "parentUUID": "b302981e-2e54-4462-a1b9-e5131f78309f",
              "isHook": false,
              "skipped": false
            },
            {
              "title": "Validate properties of contact us page",
              "fullTitle": "Verifying variables, cypress commands and jquery commands Validate properties of contact us page",
              "timedOut": null,
              "duration": 661,
              "state": "passed",
              "speed": "fast",
              "pass": true,
              "fail": false,
              "pending": false,
              "context": null,
              "code": "cy.visit('https://automationteststore.com/index.php?rt=content/contact'); // Using cypress commands and chaining (to validate that this specific field has the name 'First name')\ncy.contains('#ContactUsFrm', 'Contact Us Form').find('#field_11').should('contain', 'First name'); // JQuery approach\ncy.contains('#ContactUsFrm', 'Contact Us Form').then(text => {\n  const firstNameText = text.find('#field_11').text();\n  expect(firstNameText).to.contain('First name'); // Embedded commands (Closure)\n  cy.get('#field_11').then(fnText => {\n    cy.log(fnText.text());\n    cy.log(fnText);\n  });\n});",
              "err": {},
              "uuid": "16d3c0e3-d1ac-419c-b794-0fef46213654",
              "parentUUID": "b302981e-2e54-4462-a1b9-e5131f78309f",
              "isHook": false,
              "skipped": false
            }
          ],
          "suites": [],
          "passes": [
            "74a857e6-88cd-4e0b-b1f0-c58a1dca1dc1",
            "1fbf2eeb-7f95-4a05-9561-0e67ff4749a0",
            "16d3c0e3-d1ac-419c-b794-0fef46213654"
          ],
          "failures": [],
          "pending": [],
          "skipped": [],
          "duration": 7549,
          "root": false,
          "rootEmpty": false,
          "_timeout": 2000
        }
      ],
      "passes": [],
      "failures": [],
      "pending": [],
      "skipped": [],
      "duration": 0,
      "root": true,
      "rootEmpty": true,
      "_timeout": 2000
    },
    {
      "uuid": "0e2e3f93-9900-4ffc-81b1-98263789a6a1",
      "title": "",
      "fullFile": "cypress/integration/web-driveruni/autocomplete-dropdown-lists.js",
      "file": "cypress/integration/web-driveruni/autocomplete-dropdown-lists.js",
      "beforeHooks": [],
      "afterHooks": [],
      "tests": [],
      "suites": [
        {
          "uuid": "17407bea-5bc9-42f5-b28f-e480678f5bf1",
          "title": "Verifying autocomplete in dropdown lists via webdriveruni",
          "fullFile": "",
          "file": "",
          "beforeHooks": [],
          "afterHooks": [],
          "tests": [
            {
              "title": "Select specific product with the help of autocomplete in dropdown lists",
              "fullTitle": "Verifying autocomplete in dropdown lists via webdriveruni Select specific product with the help of autocomplete in dropdown lists",
              "timedOut": null,
              "duration": 2384,
              "state": "passed",
              "speed": "fast",
              "pass": true,
              "fail": false,
              "pending": false,
              "context": null,
              "code": "cy.visit('http://www.webdriveruniversity.com/');\ncy.get('#autocomplete-textfield').invoke('removeAttr', 'target').click({\n  force: true\n});\ncy.get('#myInput').type('A');\ncy.get('#myInputautocomplete-list > *').each(($el, index, $list) => {\n  const prod = $el.text();\n  const prodToSelect = 'Avacado';\n  if (prod == prodToSelect) {\n    // $el.click()\n    $el.trigger('click');\n    cy.get('#submit-button').click();\n    cy.url().should('include', 'Avacado');\n  }\n}).then(() => {\n  cy.get('#myInput').type('G');\n  cy.get('#myInputautocomplete-list > *').each(($el, index, $list) => {\n    const prod = $el.text();\n    const prodToSelect = 'Grapes';\n    if (prod === prodToSelect) {\n      // $el.click()\n      $el.trigger('click');\n      cy.get('#submit-button').click();\n      cy.url().should('include', 'Grapes');\n    }\n  });\n});",
              "err": {},
              "uuid": "7be1fba2-491e-4239-91ba-a5fdfa1c1a80",
              "parentUUID": "17407bea-5bc9-42f5-b28f-e480678f5bf1",
              "isHook": false,
              "skipped": false
            }
          ],
          "suites": [],
          "passes": [
            "7be1fba2-491e-4239-91ba-a5fdfa1c1a80"
          ],
          "failures": [],
          "pending": [],
          "skipped": [],
          "duration": 2384,
          "root": false,
          "rootEmpty": false,
          "_timeout": 2000
        }
      ],
      "passes": [],
      "failures": [],
      "pending": [],
      "skipped": [],
      "duration": 0,
      "root": true,
      "rootEmpty": true,
      "_timeout": 2000
    },
    {
      "uuid": "58e31c69-ab51-4444-a609-c241443348a8",
      "title": "",
      "fullFile": "cypress/integration/web-driveruni/browser-navigation.js",
      "file": "cypress/integration/web-driveruni/browser-navigation.js",
      "beforeHooks": [],
      "afterHooks": [],
      "tests": [],
      "suites": [
        {
          "uuid": "1647c678-4968-4633-8fd6-a067e6b25e35",
          "title": "Validate webdriveruni home page links",
          "fullFile": "",
          "file": "",
          "beforeHooks": [],
          "afterHooks": [],
          "tests": [
            {
              "title": "Confirm links redirect to the correct pages",
              "fullTitle": "Validate webdriveruni home page links Confirm links redirect to the correct pages",
              "timedOut": null,
              "duration": 5016,
              "state": "passed",
              "speed": "medium",
              "pass": true,
              "fail": false,
              "pending": false,
              "context": null,
              "code": "cy.visit('http://www.webdriveruniversity.com/');\ncy.get('#contact-us').invoke('removeAttr', 'target').click({\n  force: true\n});\ncy.url().should('include', 'contactus');\ncy.go('back');\ncy.reload();\ncy.url().should('include', 'http://www.webdriveruniversity.com/'); // cy.reload(true)  without using cashe\ncy.go('forward');\ncy.url().should('include', 'contactus');\ncy.go('back');\ncy.get('#login-portal').invoke('removeAttr', 'target').click({\n  force: true\n});\ncy.url().should('include', 'Login-Portal');\ncy.go('back');\ncy.get('#to-do-list').invoke('removeAttr', 'target').click({\n  force: true\n});\ncy.url().should('include', 'To-Do-List');\ncy.go('back');",
              "err": {},
              "uuid": "ef0ef758-44e1-4474-b779-c575d7e7cec7",
              "parentUUID": "1647c678-4968-4633-8fd6-a067e6b25e35",
              "isHook": false,
              "skipped": false
            }
          ],
          "suites": [],
          "passes": [
            "ef0ef758-44e1-4474-b779-c575d7e7cec7"
          ],
          "failures": [],
          "pending": [],
          "skipped": [],
          "duration": 5016,
          "root": false,
          "rootEmpty": false,
          "_timeout": 2000
        }
      ],
      "passes": [],
      "failures": [],
      "pending": [],
      "skipped": [],
      "duration": 0,
      "root": true,
      "rootEmpty": true,
      "_timeout": 2000
    },
    {
      "uuid": "078e0621-ec87-4f86-a670-ebd6d9765954",
      "title": "",
      "fullFile": "cypress/integration/web-driveruni/check-boxes.js",
      "file": "cypress/integration/web-driveruni/check-boxes.js",
      "beforeHooks": [],
      "afterHooks": [],
      "tests": [],
      "suites": [
        {
          "uuid": "2b64f13b-6e19-4095-bb7e-acc6fce04723",
          "title": "Verifying check-boxes via webdriveruni",
          "fullFile": "",
          "file": "",
          "beforeHooks": [],
          "afterHooks": [],
          "tests": [
            {
              "title": "Check and validate checkbox",
              "fullTitle": "Verifying check-boxes via webdriveruni Check and validate checkbox",
              "timedOut": null,
              "duration": 806,
              "state": "passed",
              "speed": "fast",
              "pass": true,
              "fail": false,
              "pending": false,
              "context": null,
              "code": "// cy.get('#checkboxes > :nth-child(1) > input').check()\n// cy.get('#checkboxes > :nth-child(1) > input').check().should('be.checked')\ncy.get('#checkboxes > :nth-child(1) > input').as('option-1');\ncy.get('@option-1').check().should('be.checked');",
              "err": {},
              "uuid": "6a793857-4d1b-456a-a3fa-506354f3b91e",
              "parentUUID": "2b64f13b-6e19-4095-bb7e-acc6fce04723",
              "isHook": false,
              "skipped": false
            },
            {
              "title": "Uncheck and validate checkbox",
              "fullTitle": "Verifying check-boxes via webdriveruni Uncheck and validate checkbox",
              "timedOut": null,
              "duration": 373,
              "state": "passed",
              "speed": "fast",
              "pass": true,
              "fail": false,
              "pending": false,
              "context": null,
              "code": "cy.get(':nth-child(5) > input').as('option-3');\ncy.get('@option-3').uncheck().should('not.be.checked');",
              "err": {},
              "uuid": "538f438d-8593-4876-976b-be96d5d651eb",
              "parentUUID": "2b64f13b-6e19-4095-bb7e-acc6fce04723",
              "isHook": false,
              "skipped": false
            },
            {
              "title": "Check multiple check-boxes",
              "fullTitle": "Verifying check-boxes via webdriveruni Check multiple check-boxes",
              "timedOut": null,
              "duration": 495,
              "state": "passed",
              "speed": "fast",
              "pass": true,
              "fail": false,
              "pending": false,
              "context": null,
              "code": "cy.get(\"input[type='checkbox']\").check(['option-1', 'option-2', 'option-3', 'option-4']).should('be.checked');",
              "err": {},
              "uuid": "01e5168f-1817-4ed7-887c-c1cf22475032",
              "parentUUID": "2b64f13b-6e19-4095-bb7e-acc6fce04723",
              "isHook": false,
              "skipped": false
            }
          ],
          "suites": [],
          "passes": [
            "6a793857-4d1b-456a-a3fa-506354f3b91e",
            "538f438d-8593-4876-976b-be96d5d651eb",
            "01e5168f-1817-4ed7-887c-c1cf22475032"
          ],
          "failures": [],
          "pending": [],
          "skipped": [],
          "duration": 1674,
          "root": false,
          "rootEmpty": false,
          "_timeout": 2000
        }
      ],
      "passes": [],
      "failures": [],
      "pending": [],
      "skipped": [],
      "duration": 0,
      "root": true,
      "rootEmpty": true,
      "_timeout": 2000
    },
    {
      "uuid": "c50df3b8-1b5d-4eae-b51c-3aa55573ebd9",
      "title": "",
      "fullFile": "cypress/integration/web-driveruni/contact_us.js",
      "file": "cypress/integration/web-driveruni/contact_us.js",
      "beforeHooks": [],
      "afterHooks": [],
      "tests": [],
      "suites": [
        {
          "uuid": "cd3847ed-f0f4-4836-a525-651f0ca72b16",
          "title": "Test Contact Us form via WebdriverUni",
          "fullFile": "",
          "file": "",
          "beforeHooks": [],
          "afterHooks": [],
          "tests": [
            {
              "title": "Should be able to submit a successful submission via contact us form",
              "fullTitle": "Test Contact Us form via WebdriverUni Should be able to submit a successful submission via contact us form",
              "timedOut": null,
              "duration": 6791,
              "state": "passed",
              "speed": "medium",
              "pass": true,
              "fail": false,
              "pending": false,
              "context": null,
              "code": "cy.document().should('have.property', 'charset').and('eq', 'UTF-8');\ncy.title().should('include', 'WebDriver | Contact Us');\ncy.url().should('include', 'contactus'); // cy.get('[name=\"first_name\"]').type(data.first_name);\n// cy.get('[name=\"last_name\"]').type(data.last_name);\n// cy.get('[name=\"email\"]').type(data.email)\n// cy.get('textarea.feedback-input').type('How can I learn Cypress?')\n// cy.get('[type=\"submit\"]').click()\n// cy.get('h1').should('have.text', 'Thank You for your Message!')\n// cy.webdriverUni_ContactUs_Submission(Cypress.env('first_name'), data.last_name, data.email, 'How can I learn Cypress?', 'h1', 'Thank You for your Message!')\ncontact_Us_PO.contactForm_Submission(Cypress.env('first_name'), data.last_name, data.email, 'How can I learn Cypress?', 'h1', 'Thank You for your Message!');",
              "err": {},
              "uuid": "fd85ef42-5c4e-4095-8069-e2571f764f9f",
              "parentUUID": "cd3847ed-f0f4-4836-a525-651f0ca72b16",
              "isHook": false,
              "skipped": false
            },
            {
              "title": "Should not be able to submit a successful submission via contact us form as all fields are required",
              "fullTitle": "Test Contact Us form via WebdriverUni Should not be able to submit a successful submission via contact us form as all fields are required",
              "timedOut": null,
              "duration": 5040,
              "state": "passed",
              "speed": "medium",
              "pass": true,
              "fail": false,
              "pending": false,
              "context": null,
              "code": "// cy.get('[name=\"first_name\"]').type(data.first_name);\n// cy.get('[name=\"last_name\"]').type(data.last_name);\n// cy.get('textarea.feedback-input').type('How can I learn Cypress?')\n// cy.get('[type=\"submit\"]').click();\n// cy.get('body').contains('Error: all fields are required')\ncontact_Us_PO.contactForm_Submission(data.first_name, data.last_name, ' ', 'How can I learn Cypress?', 'body', 'Invalid email address'); // cy.webdriverUni_ContactUs_Submission(data.first_name, data.last_name, ' ', 'How can I learn Cypress?', 'body', 'Invalid email address');",
              "err": {},
              "uuid": "736170c3-b018-45ea-aee2-584aae10cbdb",
              "parentUUID": "cd3847ed-f0f4-4836-a525-651f0ca72b16",
              "isHook": false,
              "skipped": false
            }
          ],
          "suites": [],
          "passes": [
            "fd85ef42-5c4e-4095-8069-e2571f764f9f",
            "736170c3-b018-45ea-aee2-584aae10cbdb"
          ],
          "failures": [],
          "pending": [],
          "skipped": [],
          "duration": 11831,
          "root": false,
          "rootEmpty": false,
          "_timeout": 2000
        }
      ],
      "passes": [],
      "failures": [],
      "pending": [],
      "skipped": [],
      "duration": 0,
      "root": true,
      "rootEmpty": true,
      "_timeout": 2000
    },
    {
      "uuid": "fe632ac1-bdb5-4d42-a7fb-4aaa95672489",
      "title": "",
      "fullFile": "cypress/integration/web-driveruni/data-tables.js",
      "file": "cypress/integration/web-driveruni/data-tables.js",
      "beforeHooks": [],
      "afterHooks": [],
      "tests": [],
      "suites": [
        {
          "uuid": "699c54d0-83b0-482e-8b8a-f49f723422e2",
          "title": "Handaling data via webdriveruni",
          "fullFile": "",
          "file": "",
          "beforeHooks": [],
          "afterHooks": [],
          "tests": [
            {
              "title": "Calculate and assert the age of the given user based on last name",
              "fullTitle": "Handaling data via webdriveruni Calculate and assert the age of the given user based on last name",
              "timedOut": null,
              "duration": 1805,
              "state": "passed",
              "speed": "fast",
              "pass": true,
              "fail": false,
              "pending": false,
              "context": null,
              "code": "cy.get('#thumbnail-1 tr td:nth-child(2)').each(($el, index, $list) => {\n  const text = $el.text();\n  if (text.includes('Woods')) {\n    cy.get('#thumbnail-1 tr td:nth-child(2)').eq(index).next().then(function (age) {\n      const userAge = age.text();\n      expect(userAge).to.eq('80');\n    });\n  }\n});",
              "err": {},
              "uuid": "578ef898-b853-4895-8281-251867716d43",
              "parentUUID": "699c54d0-83b0-482e-8b8a-f49f723422e2",
              "isHook": false,
              "skipped": false
            }
          ],
          "suites": [],
          "passes": [
            "578ef898-b853-4895-8281-251867716d43"
          ],
          "failures": [],
          "pending": [],
          "skipped": [],
          "duration": 1805,
          "root": false,
          "rootEmpty": false,
          "_timeout": 2000
        }
      ],
      "passes": [],
      "failures": [],
      "pending": [],
      "skipped": [],
      "duration": 0,
      "root": true,
      "rootEmpty": true,
      "_timeout": 2000
    },
    {
      "uuid": "ad292690-d88d-4f54-a9cd-d075859c8b3a",
      "title": "",
      "fullFile": "cypress/integration/web-driveruni/date-picker.js",
      "file": "cypress/integration/web-driveruni/date-picker.js",
      "beforeHooks": [],
      "afterHooks": [],
      "tests": [],
      "suites": [
        {
          "uuid": "69fe777e-b68c-4a1b-be96-e449c6b1a3be",
          "title": "Test webpicker via webdriveruni",
          "fullFile": "",
          "file": "",
          "beforeHooks": [],
          "afterHooks": [],
          "tests": [
            {
              "title": "Select date from date-picker",
              "fullTitle": "Test webpicker via webdriveruni Select date from date-picker",
              "timedOut": null,
              "duration": 2068,
              "state": "passed",
              "speed": "fast",
              "pass": true,
              "fail": false,
              "pending": false,
              "context": null,
              "code": "cy.visit('http://www.webdriveruniversity.com/');\ncy.get('#datepicker').invoke('removeAttr', 'target').click({\n  force: true\n}); // let date = new Date()\n// date.setDate(date.getDate())    // in this way we can get current day; e.g, 10\n// cy.log(date.getDate());\n// let date2 = new Date()\n// date2.setDate(date.getDate() + 5)\n// cy.log(date2.getDate()); // here + 5 days = 15\nvar date = new Date();\ndate.setDate(date.getDate() + 26);\nvar futureYear = date.getFullYear();\nvar futureMonth = date.toLocaleString('default', {\n  month: 'long'\n});\nvar futureDay = date.getDate();\ncy.log('Future year select: ' + futureYear);\ncy.log('Future month select: ' + futureMonth);\ncy.log('Future day select: ' + futureDay);\nfunction selectMonthAndYear() {\n  cy.get('.input-group-addon').click();\n  cy.get('.datepicker-dropdown').find('.datepicker-switch').first().then(currentDate => {\n    if (!currentDate.text().includes(futureYear)) {\n      cy.get('.next').first().click();\n      selectMonthAndYear();\n    }\n  }).then(() => {\n    cy.get('.datepicker-dropdown').find('.datepicker-switch').first().then(currentDate => {\n      if (!currentDate.text().includes(futureMonth)) {\n        cy.get('.next').first().click();\n        selectMonthAndYear();\n      }\n    });\n  });\n}\nfunction selectFutureDay() {\n  cy.get('[class = \"day\"]').contains(futureDay).click();\n}\nselectMonthAndYear();\nselectFutureDay();",
              "err": {},
              "uuid": "a900817f-388f-4171-8bc7-9238d5adf476",
              "parentUUID": "69fe777e-b68c-4a1b-be96-e449c6b1a3be",
              "isHook": false,
              "skipped": false
            }
          ],
          "suites": [],
          "passes": [
            "a900817f-388f-4171-8bc7-9238d5adf476"
          ],
          "failures": [],
          "pending": [],
          "skipped": [],
          "duration": 2068,
          "root": false,
          "rootEmpty": false,
          "_timeout": 2000
        }
      ],
      "passes": [],
      "failures": [],
      "pending": [],
      "skipped": [],
      "duration": 0,
      "root": true,
      "rootEmpty": true,
      "_timeout": 2000
    },
    {
      "uuid": "b02f6949-3c90-4619-b463-783f2e1e65c5",
      "title": "",
      "fullFile": "cypress/integration/web-driveruni/file-upload.js",
      "file": "cypress/integration/web-driveruni/file-upload.js",
      "beforeHooks": [],
      "afterHooks": [],
      "tests": [],
      "suites": [
        {
          "uuid": "43d6877a-a7f1-47e8-be74-56c8d15d44df",
          "title": "Test file upload via webdriveruni",
          "fullFile": "",
          "file": "",
          "beforeHooks": [],
          "afterHooks": [],
          "tests": [
            {
              "title": "Upload the file",
              "fullTitle": "Test file upload via webdriveruni Upload the file",
              "timedOut": null,
              "duration": 1484,
              "state": "passed",
              "speed": "fast",
              "pass": true,
              "fail": false,
              "pending": false,
              "context": null,
              "code": "cy.visit('http://www.webdriveruniversity.com/');\ncy.get('#file-upload').invoke('removeAttr', 'target').click({\n  force: true\n});\ncy.fixture('laptop.png', 'base64').then(fileContent => {\n  cy.get('#myFile').attachFile({\n    fileContent,\n    fileName: 'laptop.png',\n    mimeType: 'image/png'\n  }, {\n    uploadType: 'input'\n  });\n});\ncy.get('#submit-button').click();",
              "err": {},
              "uuid": "c771a781-6a64-410b-9bc3-0c9cd67e60a4",
              "parentUUID": "43d6877a-a7f1-47e8-be74-56c8d15d44df",
              "isHook": false,
              "skipped": false
            },
            {
              "title": "Upload without the file",
              "fullTitle": "Test file upload via webdriveruni Upload without the file",
              "timedOut": null,
              "duration": 656,
              "state": "passed",
              "speed": "fast",
              "pass": true,
              "fail": false,
              "pending": false,
              "context": null,
              "code": "cy.visit('http://www.webdriveruniversity.com/');\ncy.get('#file-upload').invoke('removeAttr', 'target').click({\n  force: true\n});\ncy.get('#submit-button').click();",
              "err": {},
              "uuid": "c405ed4d-5691-48cd-bbb1-cc7b8d108d06",
              "parentUUID": "43d6877a-a7f1-47e8-be74-56c8d15d44df",
              "isHook": false,
              "skipped": false
            }
          ],
          "suites": [],
          "passes": [
            "c771a781-6a64-410b-9bc3-0c9cd67e60a4",
            "c405ed4d-5691-48cd-bbb1-cc7b8d108d06"
          ],
          "failures": [],
          "pending": [],
          "skipped": [],
          "duration": 2140,
          "root": false,
          "rootEmpty": false,
          "_timeout": 2000
        }
      ],
      "passes": [],
      "failures": [],
      "pending": [],
      "skipped": [],
      "duration": 0,
      "root": true,
      "rootEmpty": true,
      "_timeout": 2000
    },
    {
      "uuid": "7af8e42f-e54c-4bc1-878b-6dfe80d97539",
      "title": "",
      "fullFile": "cypress/integration/web-driveruni/iframe.js",
      "file": "cypress/integration/web-driveruni/iframe.js",
      "beforeHooks": [],
      "afterHooks": [],
      "tests": [],
      "suites": [
        {
          "uuid": "628c7f3e-19aa-4879-b124-7954fa4e35e9",
          "title": "Handling IFrams & Modals",
          "fullFile": "",
          "file": "",
          "beforeHooks": [],
          "afterHooks": [],
          "tests": [
            {
              "title": "Handling webdriveruni iframe and modal",
              "fullTitle": "Handling IFrams & Modals Handling webdriveruni iframe and modal",
              "timedOut": null,
              "duration": 2826,
              "state": "passed",
              "speed": "fast",
              "pass": true,
              "fail": false,
              "pending": false,
              "context": null,
              "code": "cy.visit('http://www.webdriveruniversity.com/');\ncy.get('#iframe').invoke('removeAttr', 'target').click({\n  force: true\n});\ncy.get('#frame').then($iframe => {\n  const body = $iframe.contents().find('body');\n  cy.wrap(body).as('iframe');\n});\ncy.get('@iframe').find('#button-find-out-more').click();\ncy.get('@iframe').find('#myModal').as('modal');\ncy.get('@modal').should($expectedText => {\n  const text = $expectedText.text();\n  expect(text).to.include('Welcome to webdriveruniversity.com we sell a wide range ');\n});\ncy.get('@modal').contains('Close').click();",
              "err": {},
              "uuid": "11e6e138-744e-41d8-8c37-0f203b6dd6c9",
              "parentUUID": "628c7f3e-19aa-4879-b124-7954fa4e35e9",
              "isHook": false,
              "skipped": false
            }
          ],
          "suites": [],
          "passes": [
            "11e6e138-744e-41d8-8c37-0f203b6dd6c9"
          ],
          "failures": [],
          "pending": [],
          "skipped": [],
          "duration": 2826,
          "root": false,
          "rootEmpty": false,
          "_timeout": 2000
        }
      ],
      "passes": [],
      "failures": [],
      "pending": [],
      "skipped": [],
      "duration": 0,
      "root": true,
      "rootEmpty": true,
      "_timeout": 2000
    },
    {
      "uuid": "5b5c73a4-e471-4b73-b76b-7f798f89622a",
      "title": "",
      "fullFile": "cypress/integration/web-driveruni/js-alert.js",
      "file": "cypress/integration/web-driveruni/js-alert.js",
      "beforeHooks": [],
      "afterHooks": [],
      "tests": [],
      "suites": [
        {
          "uuid": "881b356e-2b87-4e0b-8c88-9dd25a74c6c8",
          "title": "Handle js alerts",
          "fullFile": "",
          "file": "",
          "beforeHooks": [],
          "afterHooks": [],
          "tests": [
            {
              "title": "Confirm js alerts contains correct text",
              "fullTitle": "Handle js alerts Confirm js alerts contains correct text",
              "timedOut": null,
              "duration": 1086,
              "state": "passed",
              "speed": "fast",
              "pass": true,
              "fail": false,
              "pending": false,
              "context": null,
              "code": "cy.visit('http://www.webdriveruniversity.com/');\ncy.get('#popup-alerts').invoke('removeAttr', 'target').click({\n  force: true\n});\ncy.get('#button1').click();\ncy.on('window:alert', strinG => {\n  expect(strinG).to.eq('I am an alert box!');\n});",
              "err": {},
              "uuid": "5e2287fb-c51d-489b-9cce-4f355b29eeaa",
              "parentUUID": "881b356e-2b87-4e0b-8c88-9dd25a74c6c8",
              "isHook": false,
              "skipped": false
            },
            {
              "title": "Confirm js alerts box work correctly when clicking OK",
              "fullTitle": "Handle js alerts Confirm js alerts box work correctly when clicking OK",
              "timedOut": null,
              "duration": 484,
              "state": "passed",
              "speed": "fast",
              "pass": true,
              "fail": false,
              "pending": false,
              "context": null,
              "code": "cy.visit('http://www.webdriveruniversity.com/');\ncy.get('#popup-alerts').invoke('removeAttr', 'target').click({\n  force: true\n});\ncy.get('#button4').click();\ncy.on('window:confirm', strinG => {\n  return true;\n});\ncy.get('#confirm-alert-text').contains('You pressed OK!');",
              "err": {},
              "uuid": "3f13d284-966c-44be-994a-eb1d17679515",
              "parentUUID": "881b356e-2b87-4e0b-8c88-9dd25a74c6c8",
              "isHook": false,
              "skipped": false
            },
            {
              "title": "Confirm js alerts box work correctly when clicking Cancel",
              "fullTitle": "Handle js alerts Confirm js alerts box work correctly when clicking Cancel",
              "timedOut": null,
              "duration": 444,
              "state": "passed",
              "speed": "fast",
              "pass": true,
              "fail": false,
              "pending": false,
              "context": null,
              "code": "cy.visit('http://www.webdriveruniversity.com/');\ncy.get('#popup-alerts').invoke('removeAttr', 'target').click({\n  force: true\n});\ncy.get('#button4').click();\ncy.on('window:confirm', strinG => {\n  return false;\n});\ncy.get('#confirm-alert-text').contains('You pressed Cancel!');",
              "err": {},
              "uuid": "d9fa2cc7-92ea-4b97-933a-f2723e72f653",
              "parentUUID": "881b356e-2b87-4e0b-8c88-9dd25a74c6c8",
              "isHook": false,
              "skipped": false
            },
            {
              "title": "Confirm js alerts box work correctly using a stub",
              "fullTitle": "Handle js alerts Confirm js alerts box work correctly using a stub",
              "timedOut": null,
              "duration": 468,
              "state": "passed",
              "speed": "fast",
              "pass": true,
              "fail": false,
              "pending": false,
              "context": null,
              "code": "cy.visit('http://www.webdriveruniversity.com/');\ncy.get('#popup-alerts').invoke('removeAttr', 'target').click({\n  force: true\n});\nconst stub = cy.stub();\ncy.on('window:confirm', stub);\ncy.get('#button4').click().then(() => {\n  expect(stub.getCall(0)).to.be.calledWith('Press a button!');\n}).then(() => {\n  return true;\n}).then(() => {\n  cy.get('#confirm-alert-text').contains('You pressed OK!');\n});",
              "err": {},
              "uuid": "a7ca4b5b-18ff-418e-b90c-a763dbac2834",
              "parentUUID": "881b356e-2b87-4e0b-8c88-9dd25a74c6c8",
              "isHook": false,
              "skipped": false
            }
          ],
          "suites": [],
          "passes": [
            "5e2287fb-c51d-489b-9cce-4f355b29eeaa",
            "3f13d284-966c-44be-994a-eb1d17679515",
            "d9fa2cc7-92ea-4b97-933a-f2723e72f653",
            "a7ca4b5b-18ff-418e-b90c-a763dbac2834"
          ],
          "failures": [],
          "pending": [],
          "skipped": [],
          "duration": 2482,
          "root": false,
          "rootEmpty": false,
          "_timeout": 2000
        }
      ],
      "passes": [],
      "failures": [],
      "pending": [],
      "skipped": [],
      "duration": 0,
      "root": true,
      "rootEmpty": true,
      "_timeout": 2000
    },
    {
      "uuid": "4614f20d-2f09-4520-a722-60b495ee956d",
      "title": "",
      "fullFile": "cypress/integration/web-driveruni/mouse-action.js",
      "file": "cypress/integration/web-driveruni/mouse-action.js",
      "beforeHooks": [],
      "afterHooks": [],
      "tests": [],
      "suites": [
        {
          "uuid": "72c27c15-3385-40dd-bb4a-5d24dd7db7a5",
          "title": "Test mouse action",
          "fullFile": "",
          "file": "",
          "beforeHooks": [],
          "afterHooks": [],
          "tests": [
            {
              "title": "Process of holding down the left mouse click on the given element",
              "fullTitle": "Test mouse action Process of holding down the left mouse click on the given element",
              "timedOut": null,
              "duration": 1380,
              "state": "passed",
              "speed": "fast",
              "pass": true,
              "fail": false,
              "pending": false,
              "context": null,
              "code": "cy.visit('http://www.webdriveruniversity.com/');\ncy.get('#actions').scrollIntoView().invoke('removeAttr', 'target').click({\n  force: true\n});\ncy.get('#click-box').trigger('mousedown', {\n  which: 1\n}).then($element => {\n  expect($element).to.have.css('background-color', 'rgb(0, 255, 0)');\n});",
              "err": {},
              "uuid": "eed12b52-9c99-42d7-8827-2790a97a5cd0",
              "parentUUID": "72c27c15-3385-40dd-bb4a-5d24dd7db7a5",
              "isHook": false,
              "skipped": false
            }
          ],
          "suites": [],
          "passes": [
            "eed12b52-9c99-42d7-8827-2790a97a5cd0"
          ],
          "failures": [],
          "pending": [],
          "skipped": [],
          "duration": 1380,
          "root": false,
          "rootEmpty": false,
          "_timeout": 2000
        }
      ],
      "passes": [],
      "failures": [],
      "pending": [],
      "skipped": [],
      "duration": 0,
      "root": true,
      "rootEmpty": true,
      "_timeout": 2000
    },
    {
      "uuid": "1187f274-3f16-49b7-9ede-1507661f8138",
      "title": "",
      "fullFile": "cypress/integration/web-driveruni/radio-buttons.js",
      "file": "cypress/integration/web-driveruni/radio-buttons.js",
      "beforeHooks": [],
      "afterHooks": [],
      "tests": [],
      "suites": [
        {
          "uuid": "deb56003-da2b-4c59-adaf-8611b89594b7",
          "title": "Verifying radio-buttons via webdriveruni",
          "fullFile": "",
          "file": "",
          "beforeHooks": [],
          "afterHooks": [],
          "tests": [
            {
              "title": "Check specific radio-buttons ",
              "fullTitle": "Verifying radio-buttons via webdriveruni Check specific radio-buttons ",
              "timedOut": null,
              "duration": 1308,
              "state": "passed",
              "speed": "fast",
              "pass": true,
              "fail": false,
              "pending": false,
              "context": null,
              "code": "cy.get('#radio-buttons').find(\"[type= 'radio']\").first().check();\ncy.get('#radio-buttons').find(\"[type= 'radio']\").eq(1).check();",
              "err": {},
              "uuid": "a5c17931-a58f-48c9-9c91-33ebb610f0f8",
              "parentUUID": "deb56003-da2b-4c59-adaf-8611b89594b7",
              "isHook": false,
              "skipped": false
            },
            {
              "title": "Validate the state of specific radio-buttons ",
              "fullTitle": "Verifying radio-buttons via webdriveruni Validate the state of specific radio-buttons ",
              "timedOut": null,
              "duration": 143,
              "state": "passed",
              "speed": "fast",
              "pass": true,
              "fail": false,
              "pending": false,
              "context": null,
              "code": "cy.get(\"[value= 'lettuce']\").should('not.be.checked');\ncy.get(\"[value= 'pumpkin']\").should('be.checked');\ncy.get(\"[value= 'lettuce']\").check().should('be.checked');\ncy.get(\"[value= 'pumpkin']\").should('not.be.checked');\ncy.get(\"[value= 'cabbage']\").should('be.disabled');",
              "err": {},
              "uuid": "ab61ccd4-af6c-4dfc-9ebc-b08cad449ca7",
              "parentUUID": "deb56003-da2b-4c59-adaf-8611b89594b7",
              "isHook": false,
              "skipped": false
            }
          ],
          "suites": [],
          "passes": [
            "a5c17931-a58f-48c9-9c91-33ebb610f0f8",
            "ab61ccd4-af6c-4dfc-9ebc-b08cad449ca7"
          ],
          "failures": [],
          "pending": [],
          "skipped": [],
          "duration": 1451,
          "root": false,
          "rootEmpty": false,
          "_timeout": 2000
        }
      ],
      "passes": [],
      "failures": [],
      "pending": [],
      "skipped": [],
      "duration": 0,
      "root": true,
      "rootEmpty": true,
      "_timeout": 2000
    },
    {
      "uuid": "3a33ad23-0104-49cf-87df-a037e37d127d",
      "title": "",
      "fullFile": "cypress/integration/web-driveruni/select-dropdown-lists.js",
      "file": "cypress/integration/web-driveruni/select-dropdown-lists.js",
      "beforeHooks": [],
      "afterHooks": [],
      "tests": [],
      "suites": [
        {
          "uuid": "9a089d91-4c84-4924-87a5-33ed4c4bee45",
          "title": "Interact with dropdown lists via webdriveruni",
          "fullFile": "",
          "file": "",
          "beforeHooks": [],
          "afterHooks": [],
          "tests": [
            {
              "title": "Select specific values in dropdown lists",
              "fullTitle": "Interact with dropdown lists via webdriveruni Select specific values in dropdown lists",
              "timedOut": null,
              "duration": 2128,
              "state": "passed",
              "speed": "fast",
              "pass": true,
              "fail": false,
              "pending": false,
              "context": null,
              "code": "cy.visit('http://www.webdriveruniversity.com/');\ncy.get('#dropdown-checkboxes-radiobuttons').invoke('removeAttr', 'target').click({\n  force: true\n});\ncy.get('#radio-buttons').find(\"[type= 'radio']\").first().check();\ncy.get('#radio-buttons').find(\"[type= 'radio']\").eq(1).check();\ncy.get('#dropdowm-menu-1').select('c#');\ncy.get('#dropdowm-menu-2').select('testng').should('have.value', 'testng');\ncy.get('#dropdowm-menu-3').select('jquery').contains('JQuery');\ncy.get('#dropdowm-menu-2').select('maven').should('have.value', 'maven');\ncy.get('#dropdowm-menu-2').select('testng').contains('TestNG');",
              "err": {},
              "uuid": "086f7600-10d0-45c1-8b0b-e57af4203f54",
              "parentUUID": "9a089d91-4c84-4924-87a5-33ed4c4bee45",
              "isHook": false,
              "skipped": false
            }
          ],
          "suites": [],
          "passes": [
            "086f7600-10d0-45c1-8b0b-e57af4203f54"
          ],
          "failures": [],
          "pending": [],
          "skipped": [],
          "duration": 2128,
          "root": false,
          "rootEmpty": false,
          "_timeout": 2000
        }
      ],
      "passes": [],
      "failures": [],
      "pending": [],
      "skipped": [],
      "duration": 0,
      "root": true,
      "rootEmpty": true,
      "_timeout": 2000
    },
    {
      "uuid": "ddab700d-ccd3-4b43-a4fa-ab6862285f88",
      "title": "",
      "fullFile": "cypress/integration/web-driveruni/selectors.js",
      "file": "cypress/integration/web-driveruni/selectors.js",
      "beforeHooks": [],
      "afterHooks": [],
      "tests": [],
      "suites": [
        {
          "uuid": "4f64d617-e631-4f44-9a86-780cf7762561",
          "title": "Selector examples",
          "fullFile": "",
          "file": "",
          "beforeHooks": [],
          "afterHooks": [],
          "tests": [
            {
              "title": "Examples of Selectors via WebdriverUni Contact Us Page",
              "fullTitle": "Selector examples Examples of Selectors via WebdriverUni Contact Us Page",
              "timedOut": null,
              "duration": 604,
              "state": "passed",
              "speed": "fast",
              "pass": true,
              "fail": false,
              "pending": false,
              "context": null,
              "code": "cy.visit(\"http://www.webdriveruniversity.com/Contact-Us/contactus.html\"); //By tag name\ncy.get(\"input\"); //By attribute name and value\ncy.get(\"input[name='first_name']\"); //By id\ncy.get(\"#contact_me\"); //By class\ncy.get(\".feedback-input\"); //By multiple classes\ncy.get(\"[class='navbar navbar-inverse navbar-fixed-top']\"); //By two different attributes\ncy.get(\"[name='email'][placeholder='Email Address']\"); //By xpath\ncy.xpath(\"//input[@name='first_name']\");",
              "err": {},
              "uuid": "d67681a9-0c0d-4721-9930-69830c8b4590",
              "parentUUID": "4f64d617-e631-4f44-9a86-780cf7762561",
              "isHook": false,
              "skipped": false
            }
          ],
          "suites": [],
          "passes": [
            "d67681a9-0c0d-4721-9930-69830c8b4590"
          ],
          "failures": [],
          "pending": [],
          "skipped": [],
          "duration": 604,
          "root": false,
          "rootEmpty": false,
          "_timeout": 2000
        }
      ],
      "passes": [],
      "failures": [],
      "pending": [],
      "skipped": [],
      "duration": 0,
      "root": true,
      "rootEmpty": true,
      "_timeout": 2000
    },
    {
      "uuid": "0c0a529a-c4e2-4463-aea5-310f554846c7",
      "title": "",
      "fullFile": "cypress/integration/web-driveruni/traversing-elements.js",
      "file": "cypress/integration/web-driveruni/traversing-elements.js",
      "beforeHooks": [],
      "afterHooks": [],
      "tests": [],
      "suites": [
        {
          "uuid": "589cff0e-5fef-4ed1-9deb-e013bc4c35da",
          "title": "Traversing DOM elements in Cypress",
          "fullFile": "",
          "file": "",
          "beforeHooks": [],
          "afterHooks": [],
          "tests": [
            {
              "title": "children() to get the children of DOM elements",
              "fullTitle": "Traversing DOM elements in Cypress children() to get the children of DOM elements",
              "timedOut": null,
              "duration": 1640,
              "state": "passed",
              "speed": "fast",
              "pass": true,
              "fail": false,
              "pending": false,
              "context": null,
              "code": "cy.get('.traversal-breadcrumb').children('.active').should('contain', 'Contact Us');",
              "err": {},
              "uuid": "d467b46c-0b53-4ae0-9035-69f181de16ba",
              "parentUUID": "589cff0e-5fef-4ed1-9deb-e013bc4c35da",
              "isHook": false,
              "skipped": false
            },
            {
              "title": "closest() to validate the closest ancestor DOM element",
              "fullTitle": "Traversing DOM elements in Cypress closest() to validate the closest ancestor DOM element",
              "timedOut": null,
              "duration": 523,
              "state": "passed",
              "speed": "fast",
              "pass": true,
              "fail": false,
              "pending": false,
              "context": null,
              "code": "cy.get('.traversal-badge').closest('ul').should('have.class', 'list-group');",
              "err": {},
              "uuid": "01424589-0b9c-404b-afec-e3d07f54b99d",
              "parentUUID": "589cff0e-5fef-4ed1-9deb-e013bc4c35da",
              "isHook": false,
              "skipped": false
            },
            {
              "title": "eq() to retrieve a specific element based on index",
              "fullTitle": "Traversing DOM elements in Cypress eq() to retrieve a specific element based on index",
              "timedOut": null,
              "duration": 420,
              "state": "passed",
              "speed": "fast",
              "pass": true,
              "fail": false,
              "pending": false,
              "context": null,
              "code": "cy.get('.traversal-drinks-list >*').eq(2).should('contain', 'Milk');",
              "err": {},
              "uuid": "4283d9df-4b99-4a9b-921d-c7bf72b7689e",
              "parentUUID": "589cff0e-5fef-4ed1-9deb-e013bc4c35da",
              "isHook": false,
              "skipped": false
            },
            {
              "title": "filter() to retrieve DOM elements that match a specific selector",
              "fullTitle": "Traversing DOM elements in Cypress filter() to retrieve DOM elements that match a specific selector",
              "timedOut": null,
              "duration": 373,
              "state": "passed",
              "speed": "fast",
              "pass": true,
              "fail": false,
              "pending": false,
              "context": null,
              "code": "cy.get('.btn-group-toggle >*').filter('.active').should('contain', 'Button-1');",
              "err": {},
              "uuid": "991ab344-000d-4aca-b10b-a7386cd8d40f",
              "parentUUID": "589cff0e-5fef-4ed1-9deb-e013bc4c35da",
              "isHook": false,
              "skipped": false
            },
            {
              "title": "find() to retrieve DOM elements of a given selector",
              "fullTitle": "Traversing DOM elements in Cypress find() to retrieve DOM elements of a given selector",
              "timedOut": null,
              "duration": 420,
              "state": "passed",
              "speed": "fast",
              "pass": true,
              "fail": false,
              "pending": false,
              "context": null,
              "code": "cy.get('.traversal-pagination').find('li').find('a').should('have.length', 7);",
              "err": {},
              "uuid": "d362e691-4531-4fec-96e1-9ce04c3e9a7c",
              "parentUUID": "589cff0e-5fef-4ed1-9deb-e013bc4c35da",
              "isHook": false,
              "skipped": false
            },
            {
              "title": "first() to retrieve the first DOM element within elements ",
              "fullTitle": "Traversing DOM elements in Cypress first() to retrieve the first DOM element within elements ",
              "timedOut": null,
              "duration": 379,
              "state": "passed",
              "speed": "fast",
              "pass": true,
              "fail": false,
              "pending": false,
              "context": null,
              "code": "cy.get('.traversal-table >tbody > tr >td').first().should('contain', 'Andy');",
              "err": {},
              "uuid": "ce36de2b-1231-4091-9307-2e4ebb965050",
              "parentUUID": "589cff0e-5fef-4ed1-9deb-e013bc4c35da",
              "isHook": false,
              "skipped": false
            },
            {
              "title": "last() to retrieve the last DOM element within elements",
              "fullTitle": "Traversing DOM elements in Cypress last() to retrieve the last DOM element within elements",
              "timedOut": null,
              "duration": 444,
              "state": "passed",
              "speed": "fast",
              "pass": true,
              "fail": false,
              "pending": false,
              "context": null,
              "code": "cy.get('.traversal-table >tbody > tr >td').last().should('contain', 'Scott');",
              "err": {},
              "uuid": "9d4592da-37be-4fee-9575-198a9aefdebe",
              "parentUUID": "589cff0e-5fef-4ed1-9deb-e013bc4c35da",
              "isHook": false,
              "skipped": false
            },
            {
              "title": "nextAll() to get all of the next sibling DOM elements within elements",
              "fullTitle": "Traversing DOM elements in Cypress nextAll() to get all of the next sibling DOM elements within elements",
              "timedOut": null,
              "duration": 381,
              "state": "passed",
              "speed": "fast",
              "pass": true,
              "fail": false,
              "pending": false,
              "context": null,
              "code": "cy.get('.traversal-drinks-list').contains('Tea').nextAll().should('have.length', 3);",
              "err": {},
              "uuid": "9ebba40e-0baf-4362-b38e-568c4f175d5c",
              "parentUUID": "589cff0e-5fef-4ed1-9deb-e013bc4c35da",
              "isHook": false,
              "skipped": false
            },
            {
              "title": "nextUntil() to get all of the next sibling DOM elements within elements until another element",
              "fullTitle": "Traversing DOM elements in Cypress nextUntil() to get all of the next sibling DOM elements within elements until another element",
              "timedOut": null,
              "duration": 423,
              "state": "passed",
              "speed": "fast",
              "pass": true,
              "fail": false,
              "pending": false,
              "context": null,
              "code": "cy.get('#coffee').nextUntil('#espresso');",
              "err": {},
              "uuid": "b393dacd-02da-4fbb-8dda-6dd9e876c265",
              "parentUUID": "589cff0e-5fef-4ed1-9deb-e013bc4c35da",
              "isHook": false,
              "skipped": false
            },
            {
              "title": "not() to remove DOM element(s) from the set of elements",
              "fullTitle": "Traversing DOM elements in Cypress not() to remove DOM element(s) from the set of elements",
              "timedOut": null,
              "duration": 633,
              "state": "passed",
              "speed": "fast",
              "pass": true,
              "fail": false,
              "pending": false,
              "context": null,
              "code": "cy.get('.traversal-button-states > button').not('.disabled').should('not.have.class', 'disabled');",
              "err": {},
              "uuid": "3765fe0e-dd17-4c4b-b500-e42ed7e916da",
              "parentUUID": "589cff0e-5fef-4ed1-9deb-e013bc4c35da",
              "isHook": false,
              "skipped": false
            },
            {
              "title": "parent() To get parent DOM element of elements",
              "fullTitle": "Traversing DOM elements in Cypress parent() To get parent DOM element of elements",
              "timedOut": null,
              "duration": 376,
              "state": "passed",
              "speed": "fast",
              "pass": true,
              "fail": false,
              "pending": false,
              "context": null,
              "code": "cy.get('.traversal-mark').parent().should('contain', 'Lorem ipsum dolor sit amet');",
              "err": {},
              "uuid": "8a7a83f0-482e-4dd3-bd57-2e7845e1ef8c",
              "parentUUID": "589cff0e-5fef-4ed1-9deb-e013bc4c35da",
              "isHook": false,
              "skipped": false
            },
            {
              "title": "parents() to get parents DOM element of elements",
              "fullTitle": "Traversing DOM elements in Cypress parents() to get parents DOM element of elements",
              "timedOut": null,
              "duration": 435,
              "state": "passed",
              "speed": "fast",
              "pass": true,
              "fail": false,
              "pending": false,
              "context": null,
              "code": "cy.get('.traversal-cite').parents().should('match', 'blockquote');",
              "err": {},
              "uuid": "8a46a692-4e8f-46e5-a3df-179fb711f0d4",
              "parentUUID": "589cff0e-5fef-4ed1-9deb-e013bc4c35da",
              "isHook": false,
              "skipped": false
            },
            {
              "title": "prev() to get the previous sibling DOM element within elements",
              "fullTitle": "Traversing DOM elements in Cypress prev() to get the previous sibling DOM element within elements",
              "timedOut": null,
              "duration": 451,
              "state": "passed",
              "speed": "fast",
              "pass": true,
              "fail": false,
              "pending": false,
              "context": null,
              "code": "cy.get('#sugar').prev().contains('Espresso');",
              "err": {},
              "uuid": "61e4acd5-b748-455d-bb89-6beaefbde628",
              "parentUUID": "589cff0e-5fef-4ed1-9deb-e013bc4c35da",
              "isHook": false,
              "skipped": false
            },
            {
              "title": "prevAll() to get all previous sibling DOM elements within elements",
              "fullTitle": "Traversing DOM elements in Cypress prevAll() to get all previous sibling DOM elements within elements",
              "timedOut": null,
              "duration": 413,
              "state": "passed",
              "speed": "fast",
              "pass": true,
              "fail": false,
              "pending": false,
              "context": null,
              "code": "cy.get('.sales').prevAll().should('have.length', 2);",
              "err": {},
              "uuid": "331b25fa-72a7-4b3f-bc8c-145cda84d389",
              "parentUUID": "589cff0e-5fef-4ed1-9deb-e013bc4c35da",
              "isHook": false,
              "skipped": false
            },
            {
              "title": "prevUntil() to get all previous sibling DOM elements within elements until other element",
              "fullTitle": "Traversing DOM elements in Cypress prevUntil() to get all previous sibling DOM elements within elements until other element",
              "timedOut": null,
              "duration": 810,
              "state": "passed",
              "speed": "fast",
              "pass": true,
              "fail": false,
              "pending": false,
              "context": null,
              "code": "cy.get('#veggie').prevUntil('#fruits').should('have.length', 5);",
              "err": {},
              "uuid": "0439f406-91db-4fc8-8fa9-34f8f5004263",
              "parentUUID": "589cff0e-5fef-4ed1-9deb-e013bc4c35da",
              "isHook": false,
              "skipped": false
            },
            {
              "title": "siblings() To get all sibling DOM elements of elements",
              "fullTitle": "Traversing DOM elements in Cypress siblings() To get all sibling DOM elements of elements",
              "timedOut": null,
              "duration": 557,
              "state": "passed",
              "speed": "fast",
              "pass": true,
              "fail": false,
              "pending": false,
              "context": null,
              "code": "cy.get('.traversal-button-other-states .active').siblings().should('have.length', 3);",
              "err": {},
              "uuid": "43e4bd06-932b-4cd6-8c80-9612cb4ade5a",
              "parentUUID": "589cff0e-5fef-4ed1-9deb-e013bc4c35da",
              "isHook": false,
              "skipped": false
            }
          ],
          "suites": [],
          "passes": [
            "d467b46c-0b53-4ae0-9035-69f181de16ba",
            "01424589-0b9c-404b-afec-e3d07f54b99d",
            "4283d9df-4b99-4a9b-921d-c7bf72b7689e",
            "991ab344-000d-4aca-b10b-a7386cd8d40f",
            "d362e691-4531-4fec-96e1-9ce04c3e9a7c",
            "ce36de2b-1231-4091-9307-2e4ebb965050",
            "9d4592da-37be-4fee-9575-198a9aefdebe",
            "9ebba40e-0baf-4362-b38e-568c4f175d5c",
            "b393dacd-02da-4fbb-8dda-6dd9e876c265",
            "3765fe0e-dd17-4c4b-b500-e42ed7e916da",
            "8a7a83f0-482e-4dd3-bd57-2e7845e1ef8c",
            "8a46a692-4e8f-46e5-a3df-179fb711f0d4",
            "61e4acd5-b748-455d-bb89-6beaefbde628",
            "331b25fa-72a7-4b3f-bc8c-145cda84d389",
            "0439f406-91db-4fc8-8fa9-34f8f5004263",
            "43e4bd06-932b-4cd6-8c80-9612cb4ade5a"
          ],
          "failures": [],
          "pending": [],
          "skipped": [],
          "duration": 8678,
          "root": false,
          "rootEmpty": false,
          "_timeout": 2000
        }
      ],
      "passes": [],
      "failures": [],
      "pending": [],
      "skipped": [],
      "duration": 0,
      "root": true,
      "rootEmpty": true,
      "_timeout": 2000
    }
  ],
  "meta": {
    "mocha": {
      "version": "7.0.1"
    },
    "mochawesome": {
      "options": {
        "quiet": false,
        "reportFilename": "mochawesome",
        "saveHtml": false,
        "saveJson": true,
        "consoleReporter": "spec",
        "useInlineDiffs": false,
        "code": true
      },
      "version": "7.0.1"
    },
    "marge": {
      "options": {
        "id": "default",
        "reportDir": "cypress/results/mochawesome",
        "quite": true,
        "overwrite": false,
        "html": false,
        "json": true
      },
      "version": "6.0.1"
    }
  }
}